<?xml version="1.0" encoding="UTF-8" standalone="no"?>
<testsuite errors="0" failures="1" name="io.cucumber.core.plugin.JUnitFormatter" skipped="0" tests="1" time="61.622">
    <testcase classname="Ornikar CréérUnCompte Demo" name="TC01 L'utilisateur peut créer son compte sur app Ornikar." time="61.443">
        <failure message="Step [L{string}inscris gratuitment.] is defined with 0 parameters at 'stepdefinitions.CréerMonCompte.lUtilisateurCliqueSurLePremierBoutonJeMInscrisGratuitment()'.&#10;However, the gherkin step has 1 arguments:&#10; * 'utilisateur clique sur le premier bouton Je m'&#10;Step text: L'utilisateur clique sur le premier bouton Je m'inscris gratuitment." type="io.cucumber.core.exception.CucumberException">
            <![CDATA[Given L'utilisateur se rend à l'app Ornikar.................................passed
When L'utilisateur accepte les cookies......................................passed
When L'utilisateur clique sur le premier bouton Je m'inscris gratuitment....failed
When L'utilisateur clique sur le bouton Je m'inscris gratuitment............skipped
When L'utilisateur renseigne ses informations...............................skipped
And L'utilisateur coche deux cases d'acceptations...........................skipped
And L'utilisateur tape sur le bouton Valide.................................skipped
Then L'utilisateur confirme qu il est bien connecté au site en vérifiant son nom qui s'affiche sur la page confirmation..skipped

StackTrace:
io.cucumber.core.exception.CucumberException: Step [L{string}inscris gratuitment.] is defined with 0 parameters at 'stepdefinitions.CréerMonCompte.lUtilisateurCliqueSurLePremierBoutonJeMInscrisGratuitment()'.
However, the gherkin step has 1 arguments:
 * 'utilisateur clique sur le premier bouton Je m'
Step text: L'utilisateur clique sur le premier bouton Je m'inscris gratuitment.
	at io.cucumber.core.runner.PickleStepDefinitionMatch.arityMismatch(PickleStepDefinitionMatch.java:83)
	at io.cucumber.core.runner.PickleStepDefinitionMatch.runStep(PickleStepDefinitionMatch.java:42)
	at io.cucumber.core.runner.ExecutionMode$1.execute(ExecutionMode.java:10)
	at io.cucumber.core.runner.TestStep.executeStep(TestStep.java:92)
	at io.cucumber.core.runner.TestStep.run(TestStep.java:64)
	at io.cucumber.core.runner.PickleStepTestStep.run(PickleStepTestStep.java:51)
	at io.cucumber.core.runner.TestCase.run(TestCase.java:104)
	at io.cucumber.core.runner.Runner.runPickle(Runner.java:71)
	at io.cucumber.junit.PickleRunners$NoStepDescriptions.run(PickleRunners.java:151)
	at io.cucumber.junit.FeatureRunner.runChild(FeatureRunner.java:135)
	at io.cucumber.junit.FeatureRunner.runChild(FeatureRunner.java:27)
	at org.junit.runners.ParentRunner$4.run(ParentRunner.java:331)
	at org.junit.runners.ParentRunner$1.schedule(ParentRunner.java:79)
	at org.junit.runners.ParentRunner.runChildren(ParentRunner.java:329)
	at org.junit.runners.ParentRunner.access$100(ParentRunner.java:66)
	at org.junit.runners.ParentRunner$2.evaluate(ParentRunner.java:293)
	at org.junit.runners.ParentRunner$3.evaluate(ParentRunner.java:306)
	at org.junit.runners.ParentRunner.run(ParentRunner.java:413)
	at io.cucumber.junit.Cucumber.runChild(Cucumber.java:199)
	at io.cucumber.junit.Cucumber.runChild(Cucumber.java:90)
	at org.junit.runners.ParentRunner$4.run(ParentRunner.java:331)
	at org.junit.runners.ParentRunner$1.schedule(ParentRunner.java:79)
	at org.junit.runners.ParentRunner.runChildren(ParentRunner.java:329)
	at org.junit.runners.ParentRunner.access$100(ParentRunner.java:66)
	at org.junit.runners.ParentRunner$2.evaluate(ParentRunner.java:293)
	at io.cucumber.junit.Cucumber$RunCucumber.evaluate(Cucumber.java:234)
	at org.junit.runners.ParentRunner$3.evaluate(ParentRunner.java:306)
	at org.junit.runners.ParentRunner.run(ParentRunner.java:413)
	at org.junit.runner.JUnitCore.run(JUnitCore.java:137)
	at com.intellij.junit4.JUnit4IdeaTestRunner.startRunnerWithArgs(JUnit4IdeaTestRunner.java:69)
	at com.intellij.rt.junit.IdeaTestRunner$Repeater$1.execute(IdeaTestRunner.java:38)
	at com.intellij.rt.execution.junit.TestsRepeater.repeat(TestsRepeater.java:11)
	at com.intellij.rt.junit.IdeaTestRunner$Repeater.startRunnerWithArgs(IdeaTestRunner.java:35)
	at com.intellij.rt.junit.JUnitStarter.prepareStreamsAndStart(JUnitStarter.java:235)
	at com.intellij.rt.junit.JUnitStarter.main(JUnitStarter.java:54)
]]>
        </failure>
    </testcase>
</testsuite>
